<?xml version="1.0" encoding="UTF-8"?>
<robot generator="Robot 6.1a1 (Python 3.11.2 on win32)" generated="20230412 20:35:14.187" rpa="false" schemaversion="4">
<suite id="s1" name="Testando" source="E:\projeto\Robot\Suite_teste_1-Site-Kone\testando.robot">
<test id="s1-t1" name="Caso de Teste 1: Acessando o site do Robot" line="8">
<kw name="Abrir Site" library="config_resources" type="SETUP">
<kw name="Open Browser" library="SeleniumLibrary">
<arg>browser=chrome</arg>
<doc>Opens a new browser instance to the optional ``url``.</doc>
<msg timestamp="20230412 20:35:14.671" level="INFO">Opening browser 'chrome' to base url 'None'.</msg>
<status status="PASS" starttime="20230412 20:35:14.671" endtime="20230412 20:35:16.483"/>
</kw>
<kw name="Maximize Browser Window" library="SeleniumLibrary">
<doc>Maximizes current browser window.</doc>
<status status="PASS" starttime="20230412 20:35:16.484" endtime="20230412 20:35:16.644"/>
</kw>
<status status="PASS" starttime="20230412 20:35:14.670" endtime="20230412 20:35:16.644"/>
</kw>
<kw name="Dado Abrir Site konia.com.br" library="config_resources">
<kw name="Go To" library="SeleniumLibrary">
<arg>url=${URL}</arg>
<doc>Navigates the current browser window to the provided ``url``.</doc>
<msg timestamp="20230412 20:35:16.656" level="INFO">Opening url 'https://konia.com.br/'</msg>
<status status="PASS" starttime="20230412 20:35:16.654" endtime="20230412 20:35:20.073"/>
</kw>
<status status="PASS" starttime="20230412 20:35:16.651" endtime="20230412 20:35:20.073"/>
</kw>
<kw name="Quando ele clicar no menu &quot;Quem Somos&quot;" library="config_resources">
<kw name="Click Element" library="SeleniumLibrary">
<arg>locator=${MENU_QUEM_SOMOS}</arg>
<doc>Click the element identified by ``locator``.</doc>
<msg timestamp="20230412 20:35:20.084" level="INFO">Clicking element '(//a[@href='https://konia.com.br/quem-somos/'][contains(.,'Quem Somos')])[1]'.</msg>
<status status="PASS" starttime="20230412 20:35:20.082" endtime="20230412 20:35:21.432"/>
</kw>
<status status="PASS" starttime="20230412 20:35:20.080" endtime="20230412 20:35:21.432"/>
</kw>
<kw name="Então na página deve ter &quot;Home » Quem Somos&quot;" library="config_resources">
<kw name="Wait Until Page Contains" library="SeleniumLibrary">
<arg>text=${TITLE_QUEM_SOMOS}</arg>
<doc>Waits until ``text`` appears on the current page.</doc>
<status status="PASS" starttime="20230412 20:35:21.434" endtime="20230412 20:35:21.493"/>
</kw>
<status status="PASS" starttime="20230412 20:35:21.433" endtime="20230412 20:35:21.493"/>
</kw>
<kw name="Fechar o navegador" library="config_resources" type="TEARDOWN">
<kw name="Capture Page Screenshot" library="SeleniumLibrary">
<doc>Takes a screenshot of the current page and embeds it into a log file.</doc>
<msg timestamp="20230412 20:35:21.704" level="INFO" html="true">&lt;/td&gt;&lt;/tr&gt;&lt;tr&gt;&lt;td colspan="3"&gt;&lt;a href="selenium-screenshot-6.png"&gt;&lt;img src="selenium-screenshot-6.png" width="800px"&gt;&lt;/a&gt;</msg>
<status status="PASS" starttime="20230412 20:35:21.495" endtime="20230412 20:35:21.704"/>
</kw>
<kw name="Close Browser" library="SeleniumLibrary">
<doc>Closes the current browser.</doc>
<status status="PASS" starttime="20230412 20:35:21.704" endtime="20230412 20:35:24.055"/>
</kw>
<status status="PASS" starttime="20230412 20:35:21.494" endtime="20230412 20:35:24.055"/>
</kw>
<tag>menu</tag>
<status status="PASS" starttime="20230412 20:35:14.669" endtime="20230412 20:35:24.058"/>
</test>
<test id="s1-t2" name="Caso de Teste 2: Pesquisar sobre o artigo JMeter" line="14">
<kw name="Abrir Site" library="config_resources" type="SETUP">
<kw name="Open Browser" library="SeleniumLibrary">
<arg>browser=chrome</arg>
<doc>Opens a new browser instance to the optional ``url``.</doc>
<msg timestamp="20230412 20:35:24.067" level="INFO">Opening browser 'chrome' to base url 'None'.</msg>
<status status="PASS" starttime="20230412 20:35:24.066" endtime="20230412 20:35:25.821"/>
</kw>
<kw name="Maximize Browser Window" library="SeleniumLibrary">
<doc>Maximizes current browser window.</doc>
<status status="PASS" starttime="20230412 20:35:25.822" endtime="20230412 20:35:25.989"/>
</kw>
<status status="PASS" starttime="20230412 20:35:24.066" endtime="20230412 20:35:25.990"/>
</kw>
<kw name="Dado Abrir Site konia.com.br" library="config_resources">
<kw name="Go To" library="SeleniumLibrary">
<arg>url=${URL}</arg>
<doc>Navigates the current browser window to the provided ``url``.</doc>
<msg timestamp="20230412 20:35:25.996" level="INFO">Opening url 'https://konia.com.br/'</msg>
<status status="PASS" starttime="20230412 20:35:25.995" endtime="20230412 20:35:28.949"/>
</kw>
<status status="PASS" starttime="20230412 20:35:25.992" endtime="20230412 20:35:28.949"/>
</kw>
<kw name="Quando ele clicar no menu &quot;Blog&quot;" library="config_resources">
<kw name="Click Element" library="SeleniumLibrary">
<arg>locator=${TITLE_BLOG}</arg>
<doc>Click the element identified by ``locator``.</doc>
<msg timestamp="20230412 20:35:28.953" level="INFO">Clicking element '(//a[@href='https://konia.com.br/blog/'][contains(.,'Blog')])[1]'.</msg>
<status status="PASS" starttime="20230412 20:35:28.952" endtime="20230412 20:35:30.284"/>
</kw>
<status status="PASS" starttime="20230412 20:35:28.951" endtime="20230412 20:35:30.284"/>
</kw>
<kw name="E clicar no botão &quot;Saiba Mais&quot;" library="config_resources">
<kw name="Click Element" library="SeleniumLibrary">
<arg>locator=${BUTON_SAIBA_MAIS}</arg>
<doc>Click the element identified by ``locator``.</doc>
<msg timestamp="20230412 20:35:30.286" level="INFO">Clicking element '(//a[@rel='nofollow'][contains(.,'Saiba mais')])[1]'.</msg>
<status status="PASS" starttime="20230412 20:35:30.285" endtime="20230412 20:35:32.004"/>
</kw>
<status status="PASS" starttime="20230412 20:35:30.285" endtime="20230412 20:35:32.005"/>
</kw>
<kw name="E pesquisar por &quot;JMeter&quot; no campo de busca" library="config_resources" sourcename="E pesquisar por &quot;${PESQUISA}&quot; no campo de busca">
<kw name="Input Text" library="SeleniumLibrary">
<arg>locator=${CAMPO_PESQUISA}</arg>
<arg>text=${PESQUISA}</arg>
<doc>Types the given ``text`` into the text field identified by ``locator``.</doc>
<msg timestamp="20230412 20:35:32.008" level="INFO">Typing text 'JMeter' into text field '//input[@type='search'][contains(@id,'input-1')]'.</msg>
<status status="PASS" starttime="20230412 20:35:32.006" endtime="20230412 20:35:32.214"/>
</kw>
<kw name="Click Element" library="SeleniumLibrary">
<arg>locator=${BUTON_PESQUISA}</arg>
<doc>Click the element identified by ``locator``.</doc>
<msg timestamp="20230412 20:35:32.216" level="INFO">Clicking element '//button[@type='submit'][contains(.,'Pesquisar')]'.</msg>
<status status="PASS" starttime="20230412 20:35:32.215" endtime="20230412 20:35:33.397"/>
</kw>
<status status="PASS" starttime="20230412 20:35:32.005" endtime="20230412 20:35:33.397"/>
</kw>
<kw name="Então deverá ser exibido na tela o artigo referente ao tema buscado" library="config_resources">
<kw name="Wait Until Page Contains Element" library="SeleniumLibrary">
<arg>locator=${VALIDAÇAO_ARTIGO}</arg>
<doc>Waits until the element ``locator`` appears on the current page.</doc>
<status status="PASS" starttime="20230412 20:35:33.401" endtime="20230412 20:35:33.439"/>
</kw>
<status status="PASS" starttime="20230412 20:35:33.400" endtime="20230412 20:35:33.440"/>
</kw>
<kw name="Fechar o navegador" library="config_resources" type="TEARDOWN">
<kw name="Capture Page Screenshot" library="SeleniumLibrary">
<doc>Takes a screenshot of the current page and embeds it into a log file.</doc>
<msg timestamp="20230412 20:35:33.738" level="INFO" html="true">&lt;/td&gt;&lt;/tr&gt;&lt;tr&gt;&lt;td colspan="3"&gt;&lt;a href="selenium-screenshot-7.png"&gt;&lt;img src="selenium-screenshot-7.png" width="800px"&gt;&lt;/a&gt;</msg>
<status status="PASS" starttime="20230412 20:35:33.442" endtime="20230412 20:35:33.738"/>
</kw>
<kw name="Close Browser" library="SeleniumLibrary">
<doc>Closes the current browser.</doc>
<status status="PASS" starttime="20230412 20:35:33.738" endtime="20230412 20:35:36.164"/>
</kw>
<status status="PASS" starttime="20230412 20:35:33.441" endtime="20230412 20:35:36.164"/>
</kw>
<tag>busca_artigos</tag>
<status status="PASS" starttime="20230412 20:35:24.064" endtime="20230412 20:35:36.165"/>
</test>
<status status="PASS" starttime="20230412 20:35:14.189" endtime="20230412 20:35:36.167"/>
</suite>
<statistics>
<total>
<stat pass="2" fail="0" skip="0">All Tests</stat>
</total>
<tag>
<stat pass="1" fail="0" skip="0">busca_artigos</stat>
<stat pass="1" fail="0" skip="0">menu</stat>
</tag>
<suite>
<stat pass="2" fail="0" skip="0" id="s1" name="Testando">Testando</stat>
</suite>
</statistics>
<errors>
</errors>
</robot>
